<?xml version="1.0" encoding="UTF-8"?>
<testng-results total="1" passed="1" failed="0" skipped="0">
  <reporter-output>
  </reporter-output>
  <suite started-at="2019-10-11T11:55:05Z" name="Suite" finished-at="2019-10-11T11:55:34Z" duration-ms="29774">
    <groups>
    </groups>
    <test started-at="2019-10-11T11:55:05Z" name="Test" finished-at="2019-10-11T11:55:34Z" duration-ms="29774">
      <class name="Academy.homepage">
        <test-method is-config="true" signature="initialize()[pri:0, instance:Academy.homepage@247bddad]" started-at="2019-10-11T04:55:05Z" name="initialize" finished-at="2019-10-11T04:55:29Z" duration-ms="23879" status="PASS">
          <reporter-output>
          </reporter-output>
        </test-method> <!-- initialize -->
        <test-method signature="basepagenav()[pri:0, instance:Academy.homepage@247bddad]" started-at="2019-10-11T04:55:29Z" name="basepagenav" finished-at="2019-10-11T04:55:34Z" duration-ms="5871" status="PASS">
          <reporter-output>
          </reporter-output>
        </test-method> <!-- basepagenav -->
      </class> <!-- Academy.homepage -->
    </test> <!-- Test -->
  </suite> <!-- Suite -->
</testng-results>
