<?xml version="1.0" encoding="UTF-8"?>
<testng-results ignored="0" total="1" passed="1" failed="0" skipped="0">
  <reporter-output>
  </reporter-output>
  <suite started-at="2019-10-10T12:45:49Z" name="Default suite" finished-at="2019-10-10T12:46:03Z" duration-ms="13867">
    <groups>
    </groups>
    <test started-at="2019-10-10T12:45:49Z" name="Default test" finished-at="2019-10-10T12:46:03Z" duration-ms="13867">
      <class name="Academy.homepage">
        <test-method signature="basepagenav()[pri:0, instance:Academy.homepage@ed7f8b4]" started-at="2019-10-10T12:45:49Z" name="basepagenav" finished-at="2019-10-10T12:46:03Z" duration-ms="13835" status="PASS">
          <reporter-output>
          </reporter-output>
        </test-method> <!-- basepagenav -->
      </class> <!-- Academy.homepage -->
    </test> <!-- Default test -->
  </suite> <!-- Default suite -->
</testng-results>
